# JRE version: OpenJDK Runtime Environment Microsoft-8035246 (17.0.8+7) (build 17.0.8+7-LTS)
# Java VM: OpenJDK 64-Bit Server VM Microsoft-8035246 (17.0.8+7-LTS, mixed mode, sharing, tiered, compressed oops, compressed class ptrs, g1 gc, windows-amd64)
GC Precious Log:
 CPUs: 4 total, 4 available
 Memory: 16252M
 Large Page Support: Disabled
 NUMA Support: Disabled
 Compressed Oops: Enabled (32-bit)
 Heap Region Size: 1M
 Heap Min Capacity: 8M
 Heap Initial Capacity: 254M
 Heap Max Capacity: 2G
 Pre-touch: Disabled
 Parallel Workers: 4
 Concurrent Workers: 1
 Concurrent Refinement Workers: 4
 Periodic GC: Disabled
Heap:
 garbage-first heap   total 267264K, used 195815K [0x0000000080000000, 0x0000000100000000)
  region size 1024K, 4 young (4096K), 2 survivors (2048K)
 Metaspace       used 108086K, committed 109184K, reserved 557056K
  class space    used 15029K, committed 15552K, reserved 425984K
GC Heap History (20 events):
Event: 37.096 GC heap before
{Heap before GC invocations=50 (full 0):
 garbage-first heap   total 215040K, used 178754K [0x0000000080000000, 0x0000000100000000)
  region size 1024K, 40 young (40960K), 4 survivors (4096K)
 Metaspace       used 100311K, committed 101312K, reserved 557056K
  class space    used 14060K, committed 14528K, reserved 425984K
}
Event: 37.102 GC heap after
{Heap after GC invocations=51 (full 0):
 garbage-first heap   total 215040K, used 144562K [0x0000000080000000, 0x0000000100000000)
  region size 1024K, 5 young (5120K), 5 survivors (5120K)
 Metaspace       used 100311K, committed 101312K, reserved 557056K
  class space    used 14060K, committed 14528K, reserved 425984K
}
Event: 37.474 GC heap before
{Heap before GC invocations=51 (full 0):
 garbage-first heap   total 215040K, used 180402K [0x0000000080000000, 0x0000000100000000)
  region size 1024K, 40 young (40960K), 5 survivors (5120K)
 Metaspace       used 100546K, committed 101568K, reserved 557056K
  class space    used 14084K, committed 14528K, reserved 425984K
}
Event: 37.487 GC heap after
{Heap after GC invocations=52 (full 0):
 garbage-first heap   total 215040K, used 150060K [0x0000000080000000, 0x0000000100000000)
  region size 1024K, 5 young (5120K), 5 survivors (5120K)
 Metaspace       used 100546K, committed 101568K, reserved 557056K
  class space    used 14084K, committed 14528K, reserved 425984K
}
Event: 37.699 GC heap before
{Heap before GC invocations=52 (full 0):
 garbage-first heap   total 215040K, used 180780K [0x0000000080000000, 0x0000000100000000)
  region size 1024K, 35 young (35840K), 5 survivors (5120K)
 Metaspace       used 100574K, committed 101568K, reserved 557056K
  class space    used 14085K, committed 14528K, reserved 425984K
}
Event: 37.707 GC heap after
{Heap after GC invocations=53 (full 0):
 garbage-first heap   total 215040K, used 156062K [0x0000000080000000, 0x0000000100000000)
  region size 1024K, 5 young (5120K), 5 survivors (5120K)
 Metaspace       used 100574K, committed 101568K, reserved 557056K
  class space    used 14085K, committed 14528K, reserved 425984K
}
Event: 37.943 GC heap before
{Heap before GC invocations=53 (full 0):
 garbage-first heap   total 215040K, used 181662K [0x0000000080000000, 0x0000000100000000)
  region size 1024K, 30 young (30720K), 5 survivors (5120K)
 Metaspace       used 100682K, committed 101696K, reserved 557056K
  class space    used 14096K, committed 14528K, reserved 425984K
}
Event: 37.951 GC heap after
{Heap after GC invocations=54 (full 0):
 garbage-first heap   total 267264K, used 160768K [0x0000000080000000, 0x0000000100000000)
  region size 1024K, 4 young (4096K), 4 survivors (4096K)
 Metaspace       used 100682K, committed 101696K, reserved 557056K
  class space    used 14096K, committed 14528K, reserved 425984K
}
Event: 38.812 GC heap before
{Heap before GC invocations=54 (full 0):
 garbage-first heap   total 267264K, used 217088K [0x0000000080000000, 0x0000000100000000)
  region size 1024K, 58 young (59392K), 4 survivors (4096K)
 Metaspace       used 101409K, committed 102464K, reserved 557056K
  class space    used 14183K, committed 14656K, reserved 425984K
}
Event: 38.827 GC heap after
{Heap after GC invocations=55 (full 0):
 garbage-first heap   total 267264K, used 171267K [0x0000000080000000, 0x0000000100000000)
  region size 1024K, 8 young (8192K), 8 survivors (8192K)
 Metaspace       used 101409K, committed 102464K, reserved 557056K
  class space    used 14183K, committed 14656K, reserved 425984K
}
Event: 39.642 GC heap before
{Heap before GC invocations=55 (full 0):
 garbage-first heap   total 267264K, used 217347K [0x0000000080000000, 0x0000000100000000)
  region size 1024K, 53 young (54272K), 8 survivors (8192K)
 Metaspace       used 105946K, committed 107136K, reserved 557056K
  class space    used 14814K, committed 15360K, reserved 425984K
}
Event: 39.657 GC heap after
{Heap after GC invocations=56 (full 0):
 garbage-first heap   total 267264K, used 174820K [0x0000000080000000, 0x0000000100000000)
  region size 1024K, 3 young (3072K), 3 survivors (3072K)
 Metaspace       used 105946K, committed 107136K, reserved 557056K
  class space    used 14814K, committed 15360K, reserved 425984K
}
Event: 40.510 GC heap before
{Heap before GC invocations=56 (full 0):
 garbage-first heap   total 267264K, used 220900K [0x0000000080000000, 0x0000000100000000)
  region size 1024K, 48 young (49152K), 3 survivors (3072K)
 Metaspace       used 106781K, committed 107904K, reserved 557056K
  class space    used 14892K, committed 15424K, reserved 425984K
}
Event: 40.524 GC heap after
{Heap after GC invocations=57 (full 0):
 garbage-first heap   total 267264K, used 181134K [0x0000000080000000, 0x0000000100000000)
  region size 1024K, 6 young (6144K), 6 survivors (6144K)
 Metaspace       used 106781K, committed 107904K, reserved 557056K
  class space    used 14892K, committed 15424K, reserved 425984K
}
Event: 41.007 GC heap before
{Heap before GC invocations=57 (full 0):
 garbage-first heap   total 267264K, used 223118K [0x0000000080000000, 0x0000000100000000)
  region size 1024K, 47 young (48128K), 6 survivors (6144K)
 Metaspace       used 107048K, committed 108160K, reserved 557056K
  class space    used 14906K, committed 15424K, reserved 425984K
}
Event: 41.019 GC heap after
{Heap after GC invocations=58 (full 0):
 garbage-first heap   total 267264K, used 186529K [0x0000000080000000, 0x0000000100000000)
  region size 1024K, 5 young (5120K), 5 survivors (5120K)
 Metaspace       used 107048K, committed 108160K, reserved 557056K
  class space    used 14906K, committed 15424K, reserved 425984K
}
Event: 41.792 GC heap before
{Heap before GC invocations=58 (full 0):
 garbage-first heap   total 267264K, used 223393K [0x0000000080000000, 0x0000000100000000)
  region size 1024K, 42 young (43008K), 5 survivors (5120K)
 Metaspace       used 107732K, committed 108864K, reserved 557056K
  class space    used 14981K, committed 15488K, reserved 425984K
}
Event: 41.798 GC heap after
{Heap after GC invocations=59 (full 0):
 garbage-first heap   total 267264K, used 188894K [0x0000000080000000, 0x0000000100000000)
  region size 1024K, 3 young (3072K), 3 survivors (3072K)
 Metaspace       used 107732K, committed 108864K, reserved 557056K
  class space    used 14981K, committed 15488K, reserved 425984K
}
Event: 42.323 GC heap before
{Heap before GC invocations=59 (full 0):
 garbage-first heap   total 267264K, used 224734K [0x0000000080000000, 0x0000000100000000)
  region size 1024K, 39 young (39936K), 3 survivors (3072K)
 Metaspace       used 108084K, committed 109184K, reserved 557056K
  class space    used 15029K, committed 15552K, reserved 425984K
}
Event: 42.331 GC heap after
{Heap after GC invocations=60 (full 0):
 garbage-first heap   total 267264K, used 192748K [0x0000000080000000, 0x0000000100000000)
  region size 1024K, 5 young (5120K), 5 survivors (5120K)
 Metaspace       used 108084K, committed 109184K, reserved 557056K
  class space    used 15029K, committed 15552K, reserved 425984K
}

