# JRE version: OpenJDK Runtime Environment Microsoft-8035246 (17.0.8+7) (build 17.0.8+7-LTS)
# Java VM: OpenJDK 64-Bit Server VM Microsoft-8035246 (17.0.8+7-LTS, mixed mode, sharing, tiered, compressed oops, compressed class ptrs, g1 gc, windows-amd64)
GC Precious Log:
 CPUs: 4 total, 4 available
 Memory: 16255M
 Large Page Support: Disabled
 NUMA Support: Disabled
 Compressed Oops: Enabled (32-bit)
 Heap Region Size: 1M
 Heap Min Capacity: 8M
 Heap Initial Capacity: 254M
 Heap Max Capacity: 2G
 Pre-touch: Disabled
 Parallel Workers: 4
 Concurrent Workers: 1
 Concurrent Refinement Workers: 4
 Periodic GC: Disabled
Heap:
 garbage-first heap   total 477184K, used 245760K [0x0000000080000000, 0x0000000100000000)
  region size 1024K, 22 young (22528K), 12 survivors (12288K)
 Metaspace       used 110230K, committed 111616K, reserved 557056K
  class space    used 15288K, committed 15936K, reserved 425984K
GC Heap History (20 events):
Event: 74.993 GC heap before
{Heap before GC invocations=62 (full 0):
 garbage-first heap   total 178176K, used 153155K [0x0000000080000000, 0x0000000100000000)
  region size 1024K, 32 young (32768K), 1 survivors (1024K)
 Metaspace       used 94399K, committed 95232K, reserved 557056K
  class space    used 13185K, committed 13568K, reserved 425984K
}
Event: 75.000 GC heap after
{Heap after GC invocations=63 (full 0):
 garbage-first heap   total 178176K, used 130332K [0x0000000080000000, 0x0000000100000000)
  region size 1024K, 4 young (4096K), 4 survivors (4096K)
 Metaspace       used 94399K, committed 95232K, reserved 557056K
  class space    used 13185K, committed 13568K, reserved 425984K
}
Event: 75.485 GC heap before
{Heap before GC invocations=63 (full 0):
 garbage-first heap   total 178176K, used 149788K [0x0000000080000000, 0x0000000100000000)
  region size 1024K, 23 young (23552K), 4 survivors (4096K)
 Metaspace       used 94874K, committed 95808K, reserved 557056K
  class space    used 13245K, committed 13696K, reserved 425984K
}
Event: 75.494 GC heap after
{Heap after GC invocations=64 (full 0):
 garbage-first heap   total 178176K, used 137142K [0x0000000080000000, 0x0000000100000000)
  region size 1024K, 3 young (3072K), 3 survivors (3072K)
 Metaspace       used 94874K, committed 95808K, reserved 557056K
  class space    used 13245K, committed 13696K, reserved 425984K
}
Event: 75.779 GC heap before
{Heap before GC invocations=64 (full 0):
 garbage-first heap   total 178176K, used 151478K [0x0000000080000000, 0x0000000100000000)
  region size 1024K, 17 young (17408K), 3 survivors (3072K)
 Metaspace       used 95036K, committed 95936K, reserved 557056K
  class space    used 13256K, committed 13696K, reserved 425984K
}
Event: 75.786 GC heap after
{Heap after GC invocations=65 (full 0):
 garbage-first heap   total 178176K, used 140149K [0x0000000080000000, 0x0000000100000000)
  region size 1024K, 3 young (3072K), 3 survivors (3072K)
 Metaspace       used 95036K, committed 95936K, reserved 557056K
  class space    used 13256K, committed 13696K, reserved 425984K
}
Event: 76.093 GC heap before
{Heap before GC invocations=66 (full 0):
 garbage-first heap   total 247808K, used 151413K [0x0000000080000000, 0x0000000100000000)
  region size 1024K, 14 young (14336K), 3 survivors (3072K)
 Metaspace       used 95194K, committed 96192K, reserved 557056K
  class space    used 13283K, committed 13760K, reserved 425984K
}
Event: 76.098 GC heap after
{Heap after GC invocations=67 (full 0):
 garbage-first heap   total 247808K, used 146113K [0x0000000080000000, 0x0000000100000000)
  region size 1024K, 2 young (2048K), 2 survivors (2048K)
 Metaspace       used 95194K, committed 96192K, reserved 557056K
  class space    used 13283K, committed 13760K, reserved 425984K
}
Event: 76.347 GC heap before
{Heap before GC invocations=67 (full 0):
 garbage-first heap   total 247808K, used 156353K [0x0000000080000000, 0x0000000100000000)
  region size 1024K, 12 young (12288K), 2 survivors (2048K)
 Metaspace       used 95321K, committed 96320K, reserved 557056K
  class space    used 13294K, committed 13760K, reserved 425984K
}
Event: 76.352 GC heap after
{Heap after GC invocations=68 (full 0):
 garbage-first heap   total 247808K, used 146861K [0x0000000080000000, 0x0000000100000000)
  region size 1024K, 2 young (2048K), 2 survivors (2048K)
 Metaspace       used 95321K, committed 96320K, reserved 557056K
  class space    used 13294K, committed 13760K, reserved 425984K
}
Event: 77.088 GC heap before
{Heap before GC invocations=68 (full 0):
 garbage-first heap   total 247808K, used 193965K [0x0000000080000000, 0x0000000100000000)
  region size 1024K, 45 young (46080K), 2 survivors (2048K)
 Metaspace       used 96058K, committed 97216K, reserved 557056K
  class space    used 13434K, committed 13952K, reserved 425984K
}
Event: 77.096 GC heap after
{Heap after GC invocations=69 (full 0):
 garbage-first heap   total 477184K, used 157315K [0x0000000080000000, 0x0000000100000000)
  region size 1024K, 6 young (6144K), 6 survivors (6144K)
 Metaspace       used 96058K, committed 97216K, reserved 557056K
  class space    used 13434K, committed 13952K, reserved 425984K
}
Event: 83.043 GC heap before
{Heap before GC invocations=69 (full 0):
 garbage-first heap   total 477184K, used 334467K [0x0000000080000000, 0x0000000100000000)
  region size 1024K, 179 young (183296K), 6 survivors (6144K)
 Metaspace       used 102576K, committed 103680K, reserved 557056K
  class space    used 14313K, committed 14784K, reserved 425984K
}
Event: 83.072 GC heap after
{Heap after GC invocations=70 (full 0):
 garbage-first heap   total 477184K, used 174538K [0x0000000080000000, 0x0000000100000000)
  region size 1024K, 23 young (23552K), 23 survivors (23552K)
 Metaspace       used 102576K, committed 103680K, reserved 557056K
  class space    used 14313K, committed 14784K, reserved 425984K
}
Event: 87.923 GC heap before
{Heap before GC invocations=70 (full 0):
 garbage-first heap   total 477184K, used 355786K [0x0000000080000000, 0x0000000100000000)
  region size 1024K, 198 young (202752K), 23 survivors (23552K)
 Metaspace       used 107263K, committed 108544K, reserved 557056K
  class space    used 14976K, committed 15552K, reserved 425984K
}
Event: 87.967 GC heap after
{Heap after GC invocations=71 (full 0):
 garbage-first heap   total 477184K, used 204477K [0x0000000080000000, 0x0000000100000000)
  region size 1024K, 25 young (25600K), 25 survivors (25600K)
 Metaspace       used 107263K, committed 108544K, reserved 557056K
  class space    used 14976K, committed 15552K, reserved 425984K
}
Event: 93.491 GC heap before
{Heap before GC invocations=71 (full 0):
 garbage-first heap   total 477184K, used 360125K [0x0000000080000000, 0x0000000100000000)
  region size 1024K, 177 young (181248K), 25 survivors (25600K)
 Metaspace       used 109006K, committed 110336K, reserved 557056K
  class space    used 15145K, committed 15744K, reserved 425984K
}
Event: 93.532 GC heap after
{Heap after GC invocations=72 (full 0):
 garbage-first heap   total 477184K, used 224768K [0x0000000080000000, 0x0000000100000000)
  region size 1024K, 20 young (20480K), 20 survivors (20480K)
 Metaspace       used 109006K, committed 110336K, reserved 557056K
  class space    used 15145K, committed 15744K, reserved 425984K
}
Event: 97.050 GC heap before
{Heap before GC invocations=72 (full 0):
 garbage-first heap   total 477184K, used 366080K [0x0000000080000000, 0x0000000100000000)
  region size 1024K, 159 young (162816K), 20 survivors (20480K)
 Metaspace       used 110227K, committed 111616K, reserved 557056K
  class space    used 15288K, committed 15936K, reserved 425984K
}
Event: 97.084 GC heap after
{Heap after GC invocations=73 (full 0):
 garbage-first heap   total 477184K, used 236544K [0x0000000080000000, 0x0000000100000000)
  region size 1024K, 12 young (12288K), 12 survivors (12288K)
 Metaspace       used 110227K, committed 111616K, reserved 557056K
  class space    used 15288K, committed 15936K, reserved 425984K
}

